[debug] [2022-06-24T11:40:26.643Z] ----------------------------------------------------------------------
[debug] [2022-06-24T11:40:26.645Z] Command:       C:\Program Files\nodejs\node.exe C:\Users\Master\AppData\Roaming\npm\node_modules\firebase-tools\lib\bin\firebase.js init
[debug] [2022-06-24T11:40:26.646Z] CLI Version:   11.1.0
[debug] [2022-06-24T11:40:26.646Z] Platform:      win32
[debug] [2022-06-24T11:40:26.646Z] Node Version:  v16.14.2
[debug] [2022-06-24T11:40:26.647Z] Time:          Fri Jun 24 2022 14:40:26 GMT+0300 (Eastern European Summer Time)
[debug] [2022-06-24T11:40:26.647Z] ----------------------------------------------------------------------
[debug] 
[debug] [2022-06-24T11:40:26.718Z] > command requires scopes: ["email","openid","https://www.googleapis.com/auth/cloudplatformprojects.readonly","https://www.googleapis.com/auth/firebase","https://www.googleapis.com/auth/cloud-platform"]
[debug] [2022-06-24T11:40:26.719Z] > authorizing via signed-in user (norbert.norbert44@gmail.com)
[info] 
     ######## #### ########  ######## ########     ###     ######  ########
     ##        ##  ##     ## ##       ##     ##  ##   ##  ##       ##
     ######    ##  ########  ######   ########  #########  ######  ######
     ##        ##  ##    ##  ##       ##     ## ##     ##       ## ##
     ##       #### ##     ## ######## ########  ##     ##  ######  ########

You're about to initialize a Firebase project in this directory:

  C:\Users\Master\Desktop\WebProgramming\web-programming-front-end

Before we get started, keep in mind:

  * You are initializing within an existing Firebase project directory

